<?xml version="1.0" encoding="UTF-8"?>
<!-- Generated by org.testng.reporters.JUnitReportReporter -->
<testsuite skipped="2" hostname="DESKTOP-BRM7KHL" name="com.testcases.LoginPageTest" tests="3" failures="0" timestamp="2021-11-23T11:27:39 IST" time="17.015" errors="0">
  <testcase name="validateLoginTestUsingParameter" time="17.015" classname="com.testcases.LoginPageTest"/>
  <system-out/>
  <testcase name="validateTitleTest" classname="com.testcases.LoginPageTest">
    <skipped/>
  </testcase> <!-- validateTitleTest -->
  <system-out/>
  <testcase name="validateLoginTest" classname="com.testcases.LoginPageTest">
    <skipped/>
  </testcase> <!-- validateLoginTest -->
  <system-out/>
</testsuite> <!-- com.testcases.LoginPageTest -->
