<?xml version="1.0" encoding="UTF-8"?>
<!-- Generated by org.testng.reporters.JUnitReportReporter -->
<testsuite skipped="0" hostname="DESKTOP-BRM7KHL" name="com.testcases.LoginPageTestTDD" tests="2" failures="0" timestamp="2021-11-22T15:54:41 IST" time="0.018" errors="0">
  <testcase name="validateLogin" time="0.004" classname="com.testcases.LoginPageTestTDD"/>
  <system-out/>
  <testcase name="validateLogin" time="0.014" classname="com.testcases.LoginPageTestTDD"/>
  <system-out/>
</testsuite> <!-- com.testcases.LoginPageTestTDD -->
